[NX Daemon Server] - 2024-10-14T19:12:40.315Z - Started listening on: /var/folders/gp/nhkqq10933b8fv2syclmlsfr0000gp/T/27a69d55a4df5923518e/d.sock
[NX Daemon Server] - 2024-10-14T19:12:40.316Z - [WATCHER]: Subscribed to changes within: /Users/Dan/Projects/private/wanieldeiss.com (native)
[NX Daemon Server] - 2024-10-14T19:12:40.322Z - Established a connection. Number of open connections: 1
[NX Daemon Server] - 2024-10-14T19:12:40.323Z - Established a connection. Number of open connections: 2
[NX Daemon Server] - 2024-10-14T19:12:40.324Z - Closed a connection. Number of open connections: 1
[NX Daemon Server] - 2024-10-14T19:12:40.324Z - Established a connection. Number of open connections: 2
[NX Daemon Server] - 2024-10-14T19:12:40.324Z - Closed a connection. Number of open connections: 1
[NX Daemon Server] - 2024-10-14T19:12:40.325Z - [REQUEST]: Responding to the client. Shutdown initiated
[NX Daemon Server] - 2024-10-14T19:12:40.325Z - Done responding to the client Shutdown initiated
[NX Daemon Server] - 2024-10-14T19:12:40.325Z - Handled FORCE_SHUTDOWN. Handling time: 0. Response time: 0.
[NX Daemon Server] - 2024-10-14T19:12:40.327Z - Closed a connection. Number of open connections: 0
[NX Daemon Server] - 2024-10-14T19:12:40.327Z - [WATCHER]: Stopping the watcher for /Users/Dan/Projects/private/wanieldeiss.com (sources)
[NX Daemon Server] - 2024-10-14T19:12:40.327Z - [WATCHER]: Stopping the watcher for /Users/Dan/Projects/private/wanieldeiss.com (outputs)
[NX Daemon Server] - 2024-10-14T19:17:47.900Z - Started listening on: /var/folders/gp/nhkqq10933b8fv2syclmlsfr0000gp/T/27a69d55a4df5923518e/d.sock
[NX Daemon Server] - 2024-10-14T19:17:47.902Z - [WATCHER]: Subscribed to changes within: /Users/Dan/Projects/private/wanieldeiss.com (native)
[NX Daemon Server] - 2024-10-14T19:17:47.907Z - Established a connection. Number of open connections: 1
[NX Daemon Server] - 2024-10-14T19:17:47.908Z - Established a connection. Number of open connections: 2
[NX Daemon Server] - 2024-10-14T19:17:47.909Z - Closed a connection. Number of open connections: 1
[NX Daemon Server] - 2024-10-14T19:17:47.910Z - [REQUEST]: Responding to the client. Shutdown initiated
[NX Daemon Server] - 2024-10-14T19:17:47.910Z - Done responding to the client Shutdown initiated
[NX Daemon Server] - 2024-10-14T19:17:47.910Z - Handled FORCE_SHUTDOWN. Handling time: 0. Response time: 0.
[NX Daemon Server] - 2024-10-14T19:17:47.911Z - Closed a connection. Number of open connections: 0
[NX Daemon Server] - 2024-10-14T19:17:47.911Z - [WATCHER]: Stopping the watcher for /Users/Dan/Projects/private/wanieldeiss.com (sources)
[NX Daemon Server] - 2024-10-14T19:17:47.911Z - [WATCHER]: Stopping the watcher for /Users/Dan/Projects/private/wanieldeiss.com (outputs)
[NX Daemon Server] - 2024-10-14T19:21:01.531Z - Started listening on: /var/folders/gp/nhkqq10933b8fv2syclmlsfr0000gp/T/27a69d55a4df5923518e/d.sock
[NX Daemon Server] - 2024-10-14T19:21:01.534Z - [WATCHER]: Subscribed to changes within: /Users/Dan/Projects/private/wanieldeiss.com (native)
[NX Daemon Server] - 2024-10-14T19:21:01.535Z - Established a connection. Number of open connections: 1
[NX Daemon Server] - 2024-10-14T19:21:01.536Z - Established a connection. Number of open connections: 2
[NX Daemon Server] - 2024-10-14T19:21:01.537Z - Closed a connection. Number of open connections: 1
[NX Daemon Server] - 2024-10-14T19:21:01.538Z - [REQUEST]: Responding to the client. Shutdown initiated
[NX Daemon Server] - 2024-10-14T19:21:01.538Z - Done responding to the client Shutdown initiated
[NX Daemon Server] - 2024-10-14T19:21:01.539Z - Handled FORCE_SHUTDOWN. Handling time: 0. Response time: 1.
[NX Daemon Server] - 2024-10-14T19:21:01.540Z - Closed a connection. Number of open connections: 0
[NX Daemon Server] - 2024-10-14T19:21:01.540Z - [WATCHER]: Stopping the watcher for /Users/Dan/Projects/private/wanieldeiss.com (sources)
[NX Daemon Server] - 2024-10-14T19:21:01.540Z - [WATCHER]: Stopping the watcher for /Users/Dan/Projects/private/wanieldeiss.com (outputs)
[NX Daemon Server] - 2024-10-14T19:23:18.605Z - Started listening on: /var/folders/gp/nhkqq10933b8fv2syclmlsfr0000gp/T/27a69d55a4df5923518e/d.sock
[NX Daemon Server] - 2024-10-14T19:23:18.607Z - [WATCHER]: Subscribed to changes within: /Users/Dan/Projects/private/wanieldeiss.com (native)
[NX Daemon Server] - 2024-10-14T19:23:18.612Z - Established a connection. Number of open connections: 1
[NX Daemon Server] - 2024-10-14T19:23:18.612Z - Established a connection. Number of open connections: 2
[NX Daemon Server] - 2024-10-14T19:23:18.613Z - Closed a connection. Number of open connections: 1
[NX Daemon Server] - 2024-10-14T19:23:18.614Z - [REQUEST]: Responding to the client. Shutdown initiated
[NX Daemon Server] - 2024-10-14T19:23:18.614Z - Done responding to the client Shutdown initiated
[NX Daemon Server] - 2024-10-14T19:23:18.614Z - Handled FORCE_SHUTDOWN. Handling time: 0. Response time: 0.
[NX Daemon Server] - 2024-10-14T19:23:18.616Z - Closed a connection. Number of open connections: 0
[NX Daemon Server] - 2024-10-14T19:23:18.616Z - [WATCHER]: Stopping the watcher for /Users/Dan/Projects/private/wanieldeiss.com (sources)
[NX Daemon Server] - 2024-10-14T19:23:18.616Z - [WATCHER]: Stopping the watcher for /Users/Dan/Projects/private/wanieldeiss.com (outputs)
[NX Daemon Server] - 2024-10-14T19:24:06.308Z - Started listening on: /var/folders/gp/nhkqq10933b8fv2syclmlsfr0000gp/T/27a69d55a4df5923518e/d.sock
[NX Daemon Server] - 2024-10-14T19:24:06.310Z - [WATCHER]: Subscribed to changes within: /Users/Dan/Projects/private/wanieldeiss.com (native)
[NX Daemon Server] - 2024-10-14T19:24:06.317Z - Established a connection. Number of open connections: 1
[NX Daemon Server] - 2024-10-14T19:24:06.318Z - Established a connection. Number of open connections: 2
[NX Daemon Server] - 2024-10-14T19:24:06.319Z - Closed a connection. Number of open connections: 1
[NX Daemon Server] - 2024-10-14T19:24:06.320Z - [REQUEST]: Responding to the client. Shutdown initiated
[NX Daemon Server] - 2024-10-14T19:24:06.320Z - Done responding to the client Shutdown initiated
[NX Daemon Server] - 2024-10-14T19:24:06.320Z - Handled FORCE_SHUTDOWN. Handling time: 0. Response time: 0.
[NX Daemon Server] - 2024-10-14T19:24:06.321Z - Closed a connection. Number of open connections: 0
[NX Daemon Server] - 2024-10-14T19:24:06.321Z - [WATCHER]: Stopping the watcher for /Users/Dan/Projects/private/wanieldeiss.com (sources)
[NX Daemon Server] - 2024-10-14T19:24:06.321Z - [WATCHER]: Stopping the watcher for /Users/Dan/Projects/private/wanieldeiss.com (outputs)
[NX Daemon Server] - 2024-10-14T19:26:26.474Z - Started listening on: /var/folders/gp/nhkqq10933b8fv2syclmlsfr0000gp/T/27a69d55a4df5923518e/d.sock
[NX Daemon Server] - 2024-10-14T19:26:26.476Z - [WATCHER]: Subscribed to changes within: /Users/Dan/Projects/private/wanieldeiss.com (native)
[NX Daemon Server] - 2024-10-14T19:26:26.483Z - Established a connection. Number of open connections: 1
[NX Daemon Server] - 2024-10-14T19:26:26.483Z - Established a connection. Number of open connections: 2
[NX Daemon Server] - 2024-10-14T19:26:26.484Z - Closed a connection. Number of open connections: 1
[NX Daemon Server] - 2024-10-14T19:26:26.485Z - [REQUEST]: Responding to the client. Shutdown initiated
[NX Daemon Server] - 2024-10-14T19:26:26.485Z - Done responding to the client Shutdown initiated
[NX Daemon Server] - 2024-10-14T19:26:26.485Z - Handled FORCE_SHUTDOWN. Handling time: 0. Response time: 0.
[NX Daemon Server] - 2024-10-14T19:26:26.486Z - Closed a connection. Number of open connections: 0
[NX Daemon Server] - 2024-10-14T19:26:26.486Z - [WATCHER]: Stopping the watcher for /Users/Dan/Projects/private/wanieldeiss.com (sources)
[NX Daemon Server] - 2024-10-14T19:26:26.486Z - [WATCHER]: Stopping the watcher for /Users/Dan/Projects/private/wanieldeiss.com (outputs)
[NX Daemon Server] - 2024-10-14T19:30:54.741Z - Started listening on: /var/folders/gp/nhkqq10933b8fv2syclmlsfr0000gp/T/27a69d55a4df5923518e/d.sock
[NX Daemon Server] - 2024-10-14T19:30:54.744Z - [WATCHER]: Subscribed to changes within: /Users/Dan/Projects/private/wanieldeiss.com (native)
[NX Daemon Server] - 2024-10-14T19:30:54.749Z - Established a connection. Number of open connections: 1
[NX Daemon Server] - 2024-10-14T19:30:54.749Z - Established a connection. Number of open connections: 2
[NX Daemon Server] - 2024-10-14T19:30:54.751Z - Closed a connection. Number of open connections: 1
[NX Daemon Server] - 2024-10-14T19:30:54.751Z - [REQUEST]: Responding to the client. Shutdown initiated
[NX Daemon Server] - 2024-10-14T19:30:54.752Z - Done responding to the client Shutdown initiated
[NX Daemon Server] - 2024-10-14T19:30:54.752Z - Handled FORCE_SHUTDOWN. Handling time: 0. Response time: 1.
[NX Daemon Server] - 2024-10-14T19:30:54.753Z - Closed a connection. Number of open connections: 0
[NX Daemon Server] - 2024-10-14T19:30:54.754Z - [WATCHER]: Stopping the watcher for /Users/Dan/Projects/private/wanieldeiss.com (sources)
[NX Daemon Server] - 2024-10-14T19:30:54.754Z - [WATCHER]: Stopping the watcher for /Users/Dan/Projects/private/wanieldeiss.com (outputs)
[NX Daemon Server] - 2024-10-14T19:31:56.088Z - Started listening on: /var/folders/gp/nhkqq10933b8fv2syclmlsfr0000gp/T/27a69d55a4df5923518e/d.sock
[NX Daemon Server] - 2024-10-14T19:31:56.091Z - [WATCHER]: Subscribed to changes within: /Users/Dan/Projects/private/wanieldeiss.com (native)
[NX Daemon Server] - 2024-10-14T19:31:56.095Z - Established a connection. Number of open connections: 1
[NX Daemon Server] - 2024-10-14T19:31:56.096Z - Established a connection. Number of open connections: 2
[NX Daemon Server] - 2024-10-14T19:31:56.097Z - Closed a connection. Number of open connections: 1
[NX Daemon Server] - 2024-10-14T19:31:56.098Z - [REQUEST]: Responding to the client. Shutdown initiated
[NX Daemon Server] - 2024-10-14T19:31:56.098Z - Done responding to the client Shutdown initiated
[NX Daemon Server] - 2024-10-14T19:31:56.098Z - Handled FORCE_SHUTDOWN. Handling time: 1. Response time: 0.
[NX Daemon Server] - 2024-10-14T19:31:56.100Z - Closed a connection. Number of open connections: 0
[NX Daemon Server] - 2024-10-14T19:31:56.100Z - [WATCHER]: Stopping the watcher for /Users/Dan/Projects/private/wanieldeiss.com (sources)
[NX Daemon Server] - 2024-10-14T19:31:56.100Z - [WATCHER]: Stopping the watcher for /Users/Dan/Projects/private/wanieldeiss.com (outputs)
[NX Daemon Server] - 2024-10-14T19:32:20.626Z - Started listening on: /var/folders/gp/nhkqq10933b8fv2syclmlsfr0000gp/T/27a69d55a4df5923518e/d.sock
[NX Daemon Server] - 2024-10-14T19:32:20.628Z - [WATCHER]: Subscribed to changes within: /Users/Dan/Projects/private/wanieldeiss.com (native)
[NX Daemon Server] - 2024-10-14T19:32:20.634Z - Established a connection. Number of open connections: 1
[NX Daemon Server] - 2024-10-14T19:32:20.634Z - Established a connection. Number of open connections: 2
[NX Daemon Server] - 2024-10-14T19:32:20.636Z - Closed a connection. Number of open connections: 1
[NX Daemon Server] - 2024-10-14T19:32:20.636Z - [REQUEST]: Responding to the client. Shutdown initiated
[NX Daemon Server] - 2024-10-14T19:32:20.637Z - Done responding to the client Shutdown initiated
[NX Daemon Server] - 2024-10-14T19:32:20.637Z - Handled FORCE_SHUTDOWN. Handling time: 0. Response time: 1.
[NX Daemon Server] - 2024-10-14T19:32:20.639Z - Closed a connection. Number of open connections: 0
[NX Daemon Server] - 2024-10-14T19:32:20.639Z - [WATCHER]: Stopping the watcher for /Users/Dan/Projects/private/wanieldeiss.com (sources)
[NX Daemon Server] - 2024-10-14T19:32:20.639Z - [WATCHER]: Stopping the watcher for /Users/Dan/Projects/private/wanieldeiss.com (outputs)
[NX Daemon Server] - 2024-10-14T19:32:23.085Z - Started listening on: /var/folders/gp/nhkqq10933b8fv2syclmlsfr0000gp/T/27a69d55a4df5923518e/d.sock
[NX Daemon Server] - 2024-10-14T19:32:23.087Z - [WATCHER]: Subscribed to changes within: /Users/Dan/Projects/private/wanieldeiss.com (native)
[NX Daemon Server] - 2024-10-14T19:32:23.089Z - Established a connection. Number of open connections: 1
[NX Daemon Server] - 2024-10-14T19:32:23.090Z - Established a connection. Number of open connections: 2
[NX Daemon Server] - 2024-10-14T19:32:23.091Z - Closed a connection. Number of open connections: 1
[NX Daemon Server] - 2024-10-14T19:32:23.092Z - [REQUEST]: Responding to the client. Shutdown initiated
[NX Daemon Server] - 2024-10-14T19:32:23.092Z - Done responding to the client Shutdown initiated
[NX Daemon Server] - 2024-10-14T19:32:23.092Z - Handled FORCE_SHUTDOWN. Handling time: 0. Response time: 1.
[NX Daemon Server] - 2024-10-14T19:32:23.094Z - Closed a connection. Number of open connections: 0
[NX Daemon Server] - 2024-10-14T19:32:23.094Z - [WATCHER]: Stopping the watcher for /Users/Dan/Projects/private/wanieldeiss.com (sources)
[NX Daemon Server] - 2024-10-14T19:32:23.094Z - [WATCHER]: Stopping the watcher for /Users/Dan/Projects/private/wanieldeiss.com (outputs)
